<?xml version="1.0" encoding="UTF-8"?>
<testng-results ignored="0" total="1" passed="1" failed="0" skipped="0">
  <reporter-output>
  </reporter-output>
  <suite started-at="2024-12-05T13:04:51 EST" name="Default suite" finished-at="2024-12-05T13:04:59 EST" duration-ms="7721">
    <groups>
    </groups>
    <test started-at="2024-12-05T13:04:51 EST" name="Default test" finished-at="2024-12-05T13:04:59 EST" duration-ms="7721">
      <class name="com.Locators.Locators">
        <test-method signature="RegisterMandatoryField()[pri:0, instance:com.Locators.Locators@22ff4249]" started-at="2024-12-05T13:04:51 EST" name="RegisterMandatoryField" finished-at="2024-12-05T13:04:59 EST" duration-ms="7682" status="PASS">
          <reporter-output>
          </reporter-output>
        </test-method> <!-- RegisterMandatoryField -->
      </class> <!-- com.Locators.Locators -->
    </test> <!-- Default test -->
  </suite> <!-- Default suite -->
</testng-results>
